<?xml version="1.0" encoding="UTF-8"?>
<!-- Generated by org.testng.reporters.JUnitXMLReporter -->
<testsuite hostname="DESKTOP-6QKVVDK" ignored="0" name="CrossFirefox" tests="3" failures="0" timestamp="2019-10-28T15:40:16 PKT" time="21.255" errors="0">
  <testcase name="test1" time="0.27" classname="selenium.CrossBrowserTest"/>
  <testcase name="test1" time="6.762" classname="selenium.CrossBrowserTest"/>
  <testcase name="test1" time="2.951" classname="selenium.CrossBrowserTest"/>
</testsuite> <!-- CrossFirefox -->
