<?xml version="1.0" encoding="UTF-8"?>
<!-- Generated by org.testng.reporters.JUnitXMLReporter -->
<testsuite hostname="DESKTOP-6QKVVDK" ignored="0" name="FirefoxTest" tests="3" failures="0" timestamp="2019-10-28T16:15:46 PKT" time="15.914" errors="0">
  <testcase name="test1" time="0.28" classname="selenium.CrossBrowserTest"/>
  <testcase name="test1" time="1.951" classname="selenium.CrossBrowserTest"/>
  <testcase name="test1" time="2.672" classname="selenium.CrossBrowserTest"/>
</testsuite> <!-- FirefoxTest -->
