<?xml version="1.0" encoding="UTF-8"?>
<testng-results skipped="0" failed="0" ignored="0" total="1" passed="1">
  <reporter-output>
  </reporter-output>
  <suite name="My simple suite" duration-ms="14529" started-at="2019-10-28T15:52:03 PKT" finished-at="2019-10-28T15:52:17 PKT">
    <groups>
    </groups>
    <test name="FirefoxTest" duration-ms="14529" started-at="2019-10-28T15:52:03 PKT" finished-at="2019-10-28T15:52:17 PKT">
      <class name="selenium.CrossBrowserTest">
        <test-method status="PASS" signature="setUp(java.lang.String)[pri:0, instance:selenium.CrossBrowserTest@cd2dae5]" name="setUp" is-config="true" duration-ms="8903" started-at="2019-10-28T15:52:03 PKT" finished-at="2019-10-28T15:52:12 PKT">
          <params>
            <param index="0">
              <value>
                <![CDATA[firefox]]>
              </value>
            </param>
          </params>
          <reporter-output>
          </reporter-output>
        </test-method> <!-- setUp -->
        <test-method status="PASS" signature="test1()[pri:0, instance:selenium.CrossBrowserTest@cd2dae5]" name="test1" duration-ms="3356" started-at="2019-10-28T15:52:12 PKT" finished-at="2019-10-28T15:52:15 PKT">
          <reporter-output>
          </reporter-output>
        </test-method> <!-- test1 -->
        <test-method status="PASS" signature="teardown()[pri:0, instance:selenium.CrossBrowserTest@cd2dae5]" name="teardown" is-config="true" duration-ms="2236" started-at="2019-10-28T15:52:15 PKT" finished-at="2019-10-28T15:52:17 PKT">
          <reporter-output>
          </reporter-output>
        </test-method> <!-- teardown -->
      </class> <!-- selenium.CrossBrowserTest -->
    </test> <!-- FirefoxTest -->
  </suite> <!-- My simple suite -->
</testng-results>
