<?xml version="1.0" encoding="UTF-8"?>
<!-- Generated by org.testng.reporters.JUnitXMLReporter -->
<testsuite hostname="DESKTOP-6QKVVDK" ignored="0" name="Default test" tests="3" failures="0" timestamp="2019-10-25T12:29:10 PKT" time="0.097" errors="0">
  <testcase name="doLogin" time="0.011" classname="selenium.LoginTest"/>
  <testcase name="doLogin" time="0.003" classname="selenium.LoginTest"/>
  <testcase name="doLogin" time="0.001" classname="selenium.LoginTest"/>
</testsuite> <!-- Default test -->
